<?xml version="1.0" encoding="UTF-8"?>
<testsuites name="Aha" time="44.74" tests="1" failures="0" errors="0">
   <testsuite name="Aha" tests="1" failures="0" errors="0" time="44.74" skipped="0" timestamp="2022-05-16 11:55:15" hostname="maile - localhost" id="Test Suites/Aha">
      <properties>
         <property name="deviceName" value=""/>
         <property name="devicePlatform" value=""/>
         <property name="logFolder" value="/Volumes/Data/katalon/sample-project/visual-testing/Visual Testing Demo/Reports/20220516_115508/Aha/20220516_115508"/>
         <property name="logFiles" value="/Volumes/Data/katalon/sample-project/visual-testing/Visual Testing Demo/Reports/20220516_115508/Aha/20220516_115508/execution0.log"/>
         <property name="attachments" value="keyes/keyes-full_view.png"/>
         <property name="hostName" value="maile - localhost"/>
         <property name="os" value="Mac OS X 64bit"/>
         <property name="katalonVersion" value="8.2.5.208"/>
         <property name="browser" value="Chrome 101.0.4951.64"/>
         <property name="hostAddress" value="127.0.0.1"/>
         <property name="sessionId" value="f7289542ebafec70cdfdfa477b354e1c"/>
         <property name="seleniumVersion" value="3.141.59"/>
         <property name="proxyInformation" value="ProxyInformation { proxyOption=NO_PROXY, proxyServerType=HTTP, username=, password=********, proxyServerAddress=, proxyServerPort=0, executionList=&quot;&quot;, isApplyToDesiredCapabilities=true }"/>
         <property name="platform" value="Mac OS X"/>
      </properties>
      <testcase name="Test Cases/Aha" time="44.326" classname="Test Cases/Aha" status="PASSED">
         <system-out><![CDATA[2022-05-16 11:55:15 - [TEST_CASE][PASSED] - Test Cases/Aha: Test Cases/Aha

2022-05-16 11:55:16 - [TEST_STEP][PASSED] - openBrowser(""): Browser is opened with url: ''

2022-05-16 11:55:16 - [MESSAGE][INFO] - Starting 'Chrome' driver

2022-05-16 11:55:16 - [MESSAGE][INFO] - Action delay is set to 0 milliseconds

2022-05-16 11:55:19 - [MESSAGE][PASSED] - Browser is opened with url: ''

2022-05-16 11:55:19 - [TEST_STEP][PASSED] - navigateToUrl("https://www.aha.io/"): Navigate to 'https://www.aha.io/' successfully

2022-05-16 11:55:46 - [MESSAGE][PASSED] - Navigate to 'https://www.aha.io/' successfully

2022-05-16 11:55:46 - [TEST_STEP][PASSED] - takeFullPageScreenshotAsCheckpoint("full_view"): Taking screenshot successfully

2022-05-16 11:55:55 - [MESSAGE][INFO] - 0 hidden object(s)

2022-05-16 11:56:00 - [MESSAGE][PASSED] - Taking screenshot successfully
[[ATTACHMENT|keyes/keyes-full_view.png]]]]></system-out>
         <system-err><![CDATA[]]></system-err>
      </testcase>
      <system-out><![CDATA[2022-05-16 11:55:15 - [TEST_SUITE][PASSED] - Aha: Test Cases/Aha]]></system-out>
      <system-err><![CDATA[]]></system-err>
   </testsuite>
</testsuites>
