<?xml version="1.0" encoding="UTF-8"?>
<testsuites name="Aha - Short" time="49.166" tests="1" failures="0" errors="0">
   <testsuite name="Aha - Short" tests="1" failures="0" errors="0" time="49.166" skipped="0" timestamp="2022-05-11 14:37:43" hostname="maile - localhost" id="Test Suites/Aha - Short">
      <properties>
         <property name="deviceName" value=""/>
         <property name="devicePlatform" value=""/>
         <property name="logFolder" value="/Volumes/Data/katalon/sample-project/visual-testing/Visual Testing Demo/Reports/20220511_143736/Aha - Short/20220511_143736"/>
         <property name="logFiles" value="/Volumes/Data/katalon/sample-project/visual-testing/Visual Testing Demo/Reports/20220511_143736/Aha - Short/20220511_143736/execution0.log"/>
         <property name="attachments" value="keyes/keyes-current_viewport.png"/>
         <property name="hostName" value="maile - localhost"/>
         <property name="os" value="Mac OS X 64bit"/>
         <property name="katalonVersion" value="8.2.5.208"/>
         <property name="browser" value="Chrome 101.0.4951.64"/>
         <property name="hostAddress" value="127.0.0.1"/>
         <property name="sessionId" value="ab871492e737bfad62752ac78284e52d"/>
         <property name="seleniumVersion" value="3.141.59"/>
         <property name="proxyInformation" value="ProxyInformation { proxyOption=NO_PROXY, proxyServerType=HTTP, username=, password=********, proxyServerAddress=, proxyServerPort=0, executionList=&quot;&quot;, isApplyToDesiredCapabilities=true }"/>
         <property name="platform" value="Mac OS X"/>
      </properties>
      <testcase name="Test Cases/Aha - Short" time="48.756" classname="Test Cases/Aha - Short" status="PASSED">
         <system-out><![CDATA[2022-05-11 14:37:44 - [TEST_CASE][PASSED] - Test Cases/Aha - Short: Test Cases/Aha - Short

2022-05-11 14:37:44 - [TEST_STEP][PASSED] - openBrowser(""): Browser is opened with url: ''

2022-05-11 14:37:44 - [MESSAGE][INFO] - Starting 'Chrome' driver

2022-05-11 14:37:44 - [MESSAGE][INFO] - Action delay is set to 0 milliseconds

2022-05-11 14:37:51 - [MESSAGE][PASSED] - Browser is opened with url: ''

2022-05-11 14:37:51 - [TEST_STEP][PASSED] - navigateToUrl("https://www.aha.io/"): Navigate to 'https://www.aha.io/' successfully

2022-05-11 14:38:28 - [MESSAGE][PASSED] - Navigate to 'https://www.aha.io/' successfully

2022-05-11 14:38:28 - [TEST_STEP][PASSED] - takeScreenshotAsCheckpoint("current_viewport"): Taking screenshot successfully

2022-05-11 14:38:31 - [MESSAGE][INFO] - 0 hidden object(s)

2022-05-11 14:38:32 - [MESSAGE][PASSED] - Taking screenshot successfully
[[ATTACHMENT|keyes/keyes-current_viewport.png]]]]></system-out>
         <system-err><![CDATA[]]></system-err>
      </testcase>
      <system-out><![CDATA[2022-05-11 14:37:43 - [TEST_SUITE][PASSED] - Aha - Short: Test Cases/Aha - Short]]></system-out>
      <system-err><![CDATA[]]></system-err>
   </testsuite>
</testsuites>
