<?xml version="1.0" encoding="UTF-8"?>
<testsuites name="Petronas" time="17.36" tests="1" failures="0" errors="0">
   <testsuite name="Petronas" tests="1" failures="0" errors="0" time="17.36" skipped="0" timestamp="2022-05-11 18:23:45" hostname="maile - localhost" id="Test Suites/Petronas">
      <properties>
         <property name="deviceName" value=""/>
         <property name="devicePlatform" value=""/>
         <property name="logFolder" value="/Volumes/Data/katalon/sample-project/visual-testing/Visual Testing Demo/Reports/20220511_182339/Petronas/20220511_182339"/>
         <property name="logFiles" value="/Volumes/Data/katalon/sample-project/visual-testing/Visual Testing Demo/Reports/20220511_182339/Petronas/20220511_182339/execution0.log"/>
         <property name="attachments" value="keyes/keyes-petronas_short.png"/>
         <property name="hostName" value="maile - localhost"/>
         <property name="os" value="Mac OS X 64bit"/>
         <property name="katalonVersion" value="8.2.5.208"/>
         <property name="browser" value="Chrome 101.0.4951.64"/>
         <property name="hostAddress" value="127.0.0.1"/>
         <property name="sessionId" value="5c25c8350a81c081198e8b21b33edfd2"/>
         <property name="seleniumVersion" value="3.141.59"/>
         <property name="proxyInformation" value="ProxyInformation { proxyOption=NO_PROXY, proxyServerType=HTTP, username=, password=********, proxyServerAddress=, proxyServerPort=0, executionList=&quot;&quot;, isApplyToDesiredCapabilities=true }"/>
         <property name="platform" value="Mac OS X"/>
      </properties>
      <testcase name="Test Cases/Petronas" time="16.869" classname="Test Cases/Petronas" status="PASSED">
         <system-out><![CDATA[2022-05-11 18:23:46 - [TEST_CASE][PASSED] - Test Cases/Petronas: Test Cases/Petronas

2022-05-11 18:23:46 - [TEST_STEP][PASSED] - openBrowser(""): Browser is opened with url: ''

2022-05-11 18:23:46 - [MESSAGE][INFO] - Starting 'Chrome' driver

2022-05-11 18:23:46 - [MESSAGE][INFO] - Action delay is set to 0 milliseconds

2022-05-11 18:23:51 - [MESSAGE][PASSED] - Browser is opened with url: ''

2022-05-11 18:23:51 - [TEST_STEP][PASSED] - navigateToUrl("https://www.petronas.com/"): Navigate to 'https://www.petronas.com/' successfully

2022-05-11 18:23:58 - [MESSAGE][PASSED] - Navigate to 'https://www.petronas.com/' successfully

2022-05-11 18:23:58 - [TEST_STEP][PASSED] - takeScreenshotAsCheckpoint("petronas_short"): Taking screenshot successfully

2022-05-11 18:24:01 - [MESSAGE][INFO] - 0 hidden object(s)

2022-05-11 18:24:02 - [MESSAGE][PASSED] - Taking screenshot successfully
[[ATTACHMENT|keyes/keyes-petronas_short.png]]]]></system-out>
         <system-err><![CDATA[]]></system-err>
      </testcase>
      <system-out><![CDATA[2022-05-11 18:23:45 - [TEST_SUITE][PASSED] - Petronas: Test Cases/Petronas]]></system-out>
      <system-err><![CDATA[]]></system-err>
   </testsuite>
</testsuites>
