<?xml version="1.0" encoding="UTF-8"?>
<testsuites name="Petronas" time="17.312" tests="1" failures="0" errors="0">
   <testsuite name="Petronas" tests="1" failures="0" errors="0" time="17.312" skipped="0" timestamp="2022-05-11 16:58:53" hostname="maile - localhost" id="Test Suites/Petronas">
      <properties>
         <property name="deviceName" value=""/>
         <property name="devicePlatform" value=""/>
         <property name="logFolder" value="/Volumes/Data/katalon/sample-project/visual-testing/Visual Testing Demo/Reports/20220511_165847/Petronas/20220511_165847"/>
         <property name="logFiles" value="/Volumes/Data/katalon/sample-project/visual-testing/Visual Testing Demo/Reports/20220511_165847/Petronas/20220511_165847/execution0.log"/>
         <property name="attachments" value="keyes/keyes-petronas_short.png"/>
         <property name="hostName" value="maile - localhost"/>
         <property name="os" value="Mac OS X 64bit"/>
         <property name="katalonVersion" value="8.2.5.208"/>
         <property name="browser" value="Chrome 101.0.4951.64"/>
         <property name="hostAddress" value="127.0.0.1"/>
         <property name="sessionId" value="7ff1e2d5d5f7a9d3f19bd19cc777b3ce"/>
         <property name="seleniumVersion" value="3.141.59"/>
         <property name="proxyInformation" value="ProxyInformation { proxyOption=NO_PROXY, proxyServerType=HTTP, username=, password=********, proxyServerAddress=, proxyServerPort=0, executionList=&quot;&quot;, isApplyToDesiredCapabilities=true }"/>
         <property name="platform" value="Mac OS X"/>
      </properties>
      <testcase name="Test Cases/Petronas" time="16.775" classname="Test Cases/Petronas" status="PASSED">
         <system-out><![CDATA[2022-05-11 16:58:54 - [TEST_CASE][PASSED] - Test Cases/Petronas: Test Cases/Petronas

2022-05-11 16:58:54 - [TEST_STEP][PASSED] - openBrowser(""): Browser is opened with url: ''

2022-05-11 16:58:54 - [MESSAGE][INFO] - Starting 'Chrome' driver

2022-05-11 16:58:54 - [MESSAGE][INFO] - Action delay is set to 0 milliseconds

2022-05-11 16:59:00 - [MESSAGE][PASSED] - Browser is opened with url: ''

2022-05-11 16:59:00 - [TEST_STEP][PASSED] - navigateToUrl("https://www.petronas.com/"): Navigate to 'https://www.petronas.com/' successfully

2022-05-11 16:59:06 - [MESSAGE][PASSED] - Navigate to 'https://www.petronas.com/' successfully

2022-05-11 16:59:06 - [TEST_STEP][PASSED] - takeFullPageScreenshotAsCheckpoint("petronas_short"): Taking screenshot successfully

2022-05-11 16:59:09 - [MESSAGE][INFO] - 0 hidden object(s)

2022-05-11 16:59:10 - [MESSAGE][PASSED] - Taking screenshot successfully
[[ATTACHMENT|keyes/keyes-petronas_short.png]]]]></system-out>
         <system-err><![CDATA[]]></system-err>
      </testcase>
      <system-out><![CDATA[2022-05-11 16:58:53 - [TEST_SUITE][PASSED] - Petronas: Test Cases/Petronas]]></system-out>
      <system-err><![CDATA[]]></system-err>
   </testsuite>
</testsuites>
