<?xml version="1.0" encoding="UTF-8"?>
<testsuites name="CNN" time="48.845" tests="1" failures="0" errors="0">
   <testsuite name="CNN" tests="1" failures="0" errors="0" time="48.845" skipped="0" timestamp="2022-05-11 11:09:37" hostname="maile - 192.168.0.24" id="Test Suites/CNN">
      <properties>
         <property name="deviceName" value=""/>
         <property name="devicePlatform" value=""/>
         <property name="logFolder" value="/Volumes/Data/katalon/sample-project/visual-testing/Visual Testing Demo/Reports/20220511_110931/CNN/20220511_110931"/>
         <property name="logFiles" value="/Volumes/Data/katalon/sample-project/visual-testing/Visual Testing Demo/Reports/20220511_110931/CNN/20220511_110931/execution0.log"/>
         <property name="attachments" value="keyes/keyes-full_view.png"/>
         <property name="hostName" value="maile - 192.168.0.24"/>
         <property name="os" value="Mac OS X 64bit"/>
         <property name="katalonVersion" value="8.2.5.208"/>
         <property name="browser" value="Chrome 101.0.4951.64"/>
         <property name="hostAddress" value="192.168.0.24"/>
         <property name="sessionId" value="3ba87d43229e0e2df8cb529b0eae12ef"/>
         <property name="seleniumVersion" value="3.141.59"/>
         <property name="proxyInformation" value="ProxyInformation { proxyOption=NO_PROXY, proxyServerType=HTTP, username=, password=********, proxyServerAddress=, proxyServerPort=0, executionList=&quot;&quot;, isApplyToDesiredCapabilities=true }"/>
         <property name="platform" value="Mac OS X"/>
      </properties>
      <testcase name="Test Cases/CNN" time="48.439" classname="Test Cases/CNN" status="PASSED">
         <system-out><![CDATA[2022-05-11 11:09:38 - [TEST_CASE][PASSED] - Test Cases/CNN: Test Cases/CNN

2022-05-11 11:09:38 - [TEST_STEP][PASSED] - openBrowser(""): Browser is opened with url: ''

2022-05-11 11:09:38 - [MESSAGE][INFO] - Starting 'Chrome' driver

2022-05-11 11:09:38 - [MESSAGE][INFO] - Action delay is set to 0 milliseconds

2022-05-11 11:09:42 - [MESSAGE][PASSED] - Browser is opened with url: ''

2022-05-11 11:09:42 - [TEST_STEP][PASSED] - navigateToUrl("https://www.cnn.com/"): Navigate to 'https://www.cnn.com/' successfully

2022-05-11 11:10:24 - [MESSAGE][PASSED] - Navigate to 'https://www.cnn.com/' successfully

2022-05-11 11:10:24 - [TEST_STEP][PASSED] - takeScreenshotAsCheckpoint("full_view", CONTINUE_ON_FAILURE): Taking screenshot successfully

2022-05-11 11:10:26 - [MESSAGE][INFO] - 0 hidden object(s)

2022-05-11 11:10:26 - [MESSAGE][PASSED] - Taking screenshot successfully
[[ATTACHMENT|keyes/keyes-full_view.png]]]]></system-out>
         <system-err><![CDATA[]]></system-err>
      </testcase>
      <system-out><![CDATA[2022-05-11 11:09:37 - [TEST_SUITE][PASSED] - CNN: Test Cases/CNN]]></system-out>
      <system-err><![CDATA[]]></system-err>
   </testsuite>
</testsuites>
