<?xml version="1.0" encoding="UTF-8"?>
<testsuites name="KBB - View Port" time="25.297" tests="1" failures="0" errors="0">
   <testsuite name="KBB - View Port" tests="1" failures="0" errors="0" time="25.297" skipped="0" timestamp="2022-08-03 10:46:44" hostname="maile - localhost" id="Test Suites/KBB - View Port">
      <properties>
         <property name="deviceName" value=""/>
         <property name="devicePlatform" value=""/>
         <property name="logFolder" value="/Volumes/Data/katalon/sample-project/visual-testing-sample/Reports/20220803_104636/KBB - View Port/20220803_104636"/>
         <property name="logFiles" value="/Volumes/Data/katalon/sample-project/visual-testing-sample/Reports/20220803_104636/KBB - View Port/20220803_104636/execution0.log"/>
         <property name="attachments" value="keyes/keyes-kbb_viewport.png"/>
         <property name="hostName" value="maile - localhost"/>
         <property name="os" value="Mac OS X 64bit"/>
         <property name="katalonVersion" value="8.4.0.208"/>
         <property name="browser" value="Chrome 103.0.5060.134"/>
         <property name="hostAddress" value="127.0.0.1"/>
         <property name="sessionId" value="d763cffa91ce2eeea03fb7a630df51b9"/>
         <property name="seleniumVersion" value="3.141.59"/>
         <property name="proxyInformation" value="ProxyInformation { proxyOption=NO_PROXY, proxyServerType=HTTP, username=, password=********, proxyServerAddress=, proxyServerPort=0, executionList=&quot;&quot;, isApplyToDesiredCapabilities=true }"/>
         <property name="platform" value="Mac OS X"/>
      </properties>
      <testcase name="Test Cases/Kbb - View Port" time="24.898" classname="Test Cases/Kbb - View Port" status="PASSED">
         <system-out><![CDATA[2022-08-03 10:46:44 - [TEST_CASE][PASSED] - Test Cases/Kbb - View Port: Test Cases/Kbb - View Port

2022-08-03 10:46:45 - [TEST_STEP][PASSED] - openBrowser(""): Browser is opened with url: ''

2022-08-03 10:46:45 - [MESSAGE][INFO] - Starting 'Chrome' driver

2022-08-03 10:46:45 - [MESSAGE][INFO] - Action delay is set to 0 milliseconds

2022-08-03 10:46:51 - [MESSAGE][PASSED] - Browser is opened with url: ''

2022-08-03 10:46:51 - [TEST_STEP][PASSED] - navigateToUrl("https://www.kbb.ca/acura/"): Navigate to 'https://www.kbb.ca/acura/' successfully

2022-08-03 10:47:02 - [MESSAGE][PASSED] - Navigate to 'https://www.kbb.ca/acura/' successfully

2022-08-03 10:47:02 - [TEST_STEP][PASSED] - setViewPortSize(703, 347): Viewport is set to new size with width = 703 and height = 347

2022-08-03 10:47:06 - [MESSAGE][PASSED] - Viewport is set to new size with width = 703 and height = 347

2022-08-03 10:47:06 - [TEST_STEP][PASSED] - click(findTestObject("Object Repository/Page_Used Acura Prices Cars  SUVs  KBB.CA/span")): Object: 'Object Repository/Page_Used Acura Prices Cars  SUVs  KBB.CA/span' is clicked on

2022-08-03 10:47:08 - [MESSAGE][PASSED] - Object: 'Object Repository/Page_Used Acura Prices Cars  SUVs  KBB.CA/span' is clicked on

2022-08-03 10:47:08 - [TEST_STEP][PASSED] - takeScreenshotAsCheckpoint("kbb_viewport"): Taking screenshot successfully

2022-08-03 10:47:09 - [MESSAGE][INFO] - 0 hidden object(s)

2022-08-03 10:47:09 - [MESSAGE][PASSED] - Taking screenshot successfully
[[ATTACHMENT|keyes/keyes-kbb_viewport.png]]]]></system-out>
         <system-err><![CDATA[]]></system-err>
      </testcase>
      <system-out><![CDATA[2022-08-03 10:46:44 - [TEST_SUITE][PASSED] - KBB - View Port: Test Cases/Kbb - View Port]]></system-out>
      <system-err><![CDATA[]]></system-err>
   </testsuite>
</testsuites>
