<?xml version="1.0" encoding="UTF-8"?>
<testsuites name="KMS - Full" time="19.9" tests="1" failures="0" errors="0">
   <testsuite name="KMS - Full" tests="1" failures="0" errors="0" time="19.9" skipped="0" timestamp="2022-05-11 16:43:35" hostname="maile - localhost" id="Test Suites/KMS - Full">
      <properties>
         <property name="deviceName" value=""/>
         <property name="devicePlatform" value=""/>
         <property name="logFolder" value="/Volumes/Data/katalon/sample-project/visual-testing/Visual Testing Demo/Reports/20220511_164328/KMS - Full/20220511_164328"/>
         <property name="logFiles" value="/Volumes/Data/katalon/sample-project/visual-testing/Visual Testing Demo/Reports/20220511_164328/KMS - Full/20220511_164328/execution0.log"/>
         <property name="attachments" value="keyes/keyes-kms_full.png"/>
         <property name="hostName" value="maile - localhost"/>
         <property name="os" value="Mac OS X 64bit"/>
         <property name="katalonVersion" value="8.2.5.208"/>
         <property name="browser" value="Chrome 101.0.4951.64"/>
         <property name="hostAddress" value="127.0.0.1"/>
         <property name="sessionId" value="f8f5fa7ff4584551ee1410ec1eea6474"/>
         <property name="seleniumVersion" value="3.141.59"/>
         <property name="proxyInformation" value="ProxyInformation { proxyOption=NO_PROXY, proxyServerType=HTTP, username=, password=********, proxyServerAddress=, proxyServerPort=0, executionList=&quot;&quot;, isApplyToDesiredCapabilities=true }"/>
         <property name="platform" value="Mac OS X"/>
      </properties>
      <testcase name="Test Cases/KMS" time="19.456" classname="Test Cases/KMS" status="PASSED">
         <system-out><![CDATA[2022-05-11 16:43:35 - [TEST_CASE][PASSED] - Test Cases/KMS: Test Cases/KMS

2022-05-11 16:43:36 - [TEST_STEP][PASSED] - openBrowser(""): Browser is opened with url: ''

2022-05-11 16:43:36 - [MESSAGE][INFO] - Starting 'Chrome' driver

2022-05-11 16:43:36 - [MESSAGE][INFO] - Action delay is set to 0 milliseconds

2022-05-11 16:43:40 - [MESSAGE][PASSED] - Browser is opened with url: ''

2022-05-11 16:43:40 - [TEST_STEP][PASSED] - navigateToUrl("https://kms-technology.com/"): Navigate to 'https://kms-technology.com/' successfully

2022-05-11 16:43:50 - [MESSAGE][PASSED] - Navigate to 'https://kms-technology.com/' successfully

2022-05-11 16:43:50 - [TEST_STEP][PASSED] - takeFullPageScreenshotAsCheckpoint("kms_full"): Taking screenshot successfully

2022-05-11 16:43:53 - [MESSAGE][INFO] - 0 hidden object(s)

2022-05-11 16:43:55 - [MESSAGE][PASSED] - Taking screenshot successfully
[[ATTACHMENT|keyes/keyes-kms_full.png]]]]></system-out>
         <system-err><![CDATA[]]></system-err>
      </testcase>
      <system-out><![CDATA[2022-05-11 16:43:35 - [TEST_SUITE][PASSED] - KMS - Full: Test Cases/KMS]]></system-out>
      <system-err><![CDATA[]]></system-err>
   </testsuite>
</testsuites>
