<?xml version="1.0" encoding="UTF-8"?>
<testsuites name="All" time="58.69" tests="2" failures="0" errors="0">
   <testsuite name="All" tests="2" failures="0" errors="0" time="58.69" skipped="0" timestamp="2022-05-11 18:06:05" hostname="maile - localhost" id="Test Suites/All">
      <properties>
         <property name="deviceName" value=""/>
         <property name="devicePlatform" value=""/>
         <property name="logFolder" value="/Volumes/Data/katalon/sample-project/visual-testing/Visual Testing Demo/Reports/20220511_180557/All/20220511_180557"/>
         <property name="logFiles" value="/Volumes/Data/katalon/sample-project/visual-testing/Visual Testing Demo/Reports/20220511_180557/All/20220511_180557/execution0.log"/>
         <property name="attachments" value="keyes/keyes-current_viewport.png, keyes/keyes-petronas_short.png"/>
         <property name="hostName" value="maile - localhost"/>
         <property name="os" value="Mac OS X 64bit"/>
         <property name="katalonVersion" value="8.2.5.208"/>
         <property name="browser" value="Chrome 101.0.4951.64"/>
         <property name="hostAddress" value="127.0.0.1"/>
         <property name="sessionId" value="ea84cefd4be63cb42219025505b6e937"/>
         <property name="seleniumVersion" value="3.141.59"/>
         <property name="proxyInformation" value="ProxyInformation { proxyOption=NO_PROXY, proxyServerType=HTTP, username=, password=********, proxyServerAddress=, proxyServerPort=0, executionList=&quot;&quot;, isApplyToDesiredCapabilities=true }"/>
         <property name="platform" value="Mac OS X"/>
      </properties>
      <testcase name="Test Cases/Aha - Short" time="43.037" classname="Test Cases/Aha - Short" status="PASSED">
         <system-out><![CDATA[2022-05-11 18:06:06 - [TEST_CASE][PASSED] - Test Cases/Aha - Short: Test Cases/Aha - Short

2022-05-11 18:06:07 - [TEST_STEP][PASSED] - openBrowser(""): Browser is opened with url: ''

2022-05-11 18:06:07 - [MESSAGE][INFO] - Starting 'Chrome' driver

2022-05-11 18:06:07 - [MESSAGE][INFO] - Action delay is set to 0 milliseconds

2022-05-11 18:06:13 - [MESSAGE][PASSED] - Browser is opened with url: ''

2022-05-11 18:06:13 - [TEST_STEP][PASSED] - navigateToUrl("https://www.aha.io/"): Navigate to 'https://www.aha.io/' successfully

2022-05-11 18:06:40 - [MESSAGE][PASSED] - Navigate to 'https://www.aha.io/' successfully

2022-05-11 18:06:40 - [TEST_STEP][PASSED] - takeScreenshotAsCheckpoint("current_viewport"): Taking screenshot successfully

2022-05-11 18:06:49 - [MESSAGE][INFO] - 0 hidden object(s)

2022-05-11 18:06:49 - [MESSAGE][PASSED] - Taking screenshot successfully
[[ATTACHMENT|keyes/keyes-current_viewport.png]]]]></system-out>
         <system-err><![CDATA[]]></system-err>
      </testcase>
      <testcase name="Test Cases/Petronas" time="14.925" classname="Test Cases/Petronas" status="PASSED">
         <system-out><![CDATA[2022-05-11 18:06:49 - [TEST_CASE][PASSED] - Test Cases/Petronas: Test Cases/Petronas

2022-05-11 18:06:50 - [TEST_STEP][PASSED] - openBrowser(""): Browser is opened with url: ''

2022-05-11 18:06:50 - [MESSAGE][WARNING] - A browser is already opened. Closing browser and opening a new one

2022-05-11 18:06:50 - [MESSAGE][INFO] - Starting 'Chrome' driver

2022-05-11 18:06:50 - [MESSAGE][INFO] - Action delay is set to 0 milliseconds

2022-05-11 18:06:51 - [MESSAGE][PASSED] - Browser is opened with url: ''

2022-05-11 18:06:51 - [TEST_STEP][PASSED] - navigateToUrl("https://www.petronas.com/"): Navigate to 'https://www.petronas.com/' successfully

2022-05-11 18:06:59 - [MESSAGE][PASSED] - Navigate to 'https://www.petronas.com/' successfully

2022-05-11 18:06:59 - [TEST_STEP][PASSED] - takeFullPageScreenshotAsCheckpoint("petronas_short"): Taking screenshot successfully

2022-05-11 18:07:03 - [MESSAGE][INFO] - 0 hidden object(s)

2022-05-11 18:07:04 - [MESSAGE][PASSED] - Taking screenshot successfully
[[ATTACHMENT|keyes/keyes-petronas_short.png]]]]></system-out>
         <system-err><![CDATA[]]></system-err>
      </testcase>
      <system-out><![CDATA[2022-05-11 18:06:05 - [TEST_SUITE][PASSED] - All: Test Cases/Petronas]]></system-out>
      <system-err><![CDATA[]]></system-err>
   </testsuite>
</testsuites>
