<?xml version="1.0" encoding="UTF-8"?>
<testsuites name="All" time="42.53" tests="2" failures="0" errors="0">
   <testsuite name="All" tests="2" failures="0" errors="0" time="42.53" skipped="0" timestamp="2022-05-11 18:02:52" hostname="maile - localhost" id="Test Suites/All">
      <properties>
         <property name="deviceName" value=""/>
         <property name="devicePlatform" value=""/>
         <property name="logFolder" value="/Volumes/Data/katalon/sample-project/visual-testing/Visual Testing Demo/Reports/20220511_180245/All/20220511_180245"/>
         <property name="logFiles" value="/Volumes/Data/katalon/sample-project/visual-testing/Visual Testing Demo/Reports/20220511_180245/All/20220511_180245/execution0.log"/>
         <property name="attachments" value="keyes/keyes-current_viewport.png, keyes/keyes-petronas_short.png"/>
         <property name="hostName" value="maile - localhost"/>
         <property name="os" value="Mac OS X 64bit"/>
         <property name="katalonVersion" value="8.2.5.208"/>
         <property name="browser" value="Chrome 101.0.4951.64"/>
         <property name="hostAddress" value="127.0.0.1"/>
         <property name="sessionId" value="83c709c8cf73affb158e1c360736d7fe"/>
         <property name="seleniumVersion" value="3.141.59"/>
         <property name="proxyInformation" value="ProxyInformation { proxyOption=NO_PROXY, proxyServerType=HTTP, username=, password=********, proxyServerAddress=, proxyServerPort=0, executionList=&quot;&quot;, isApplyToDesiredCapabilities=true }"/>
         <property name="platform" value="Mac OS X"/>
      </properties>
      <testcase name="Test Cases/Aha - Short" time="28.791" classname="Test Cases/Aha - Short" status="PASSED">
         <system-out><![CDATA[2022-05-11 18:02:52 - [TEST_CASE][PASSED] - Test Cases/Aha - Short: Test Cases/Aha - Short

2022-05-11 18:02:53 - [TEST_STEP][PASSED] - openBrowser(""): Browser is opened with url: ''

2022-05-11 18:02:53 - [MESSAGE][INFO] - Starting 'Chrome' driver

2022-05-11 18:02:53 - [MESSAGE][INFO] - Action delay is set to 0 milliseconds

2022-05-11 18:02:57 - [MESSAGE][PASSED] - Browser is opened with url: ''

2022-05-11 18:02:57 - [TEST_STEP][PASSED] - navigateToUrl("https://www.aha.io/"): Navigate to 'https://www.aha.io/' successfully

2022-05-11 18:03:16 - [MESSAGE][PASSED] - Navigate to 'https://www.aha.io/' successfully

2022-05-11 18:03:16 - [TEST_STEP][PASSED] - takeScreenshotAsCheckpoint("current_viewport"): Taking screenshot successfully

2022-05-11 18:03:21 - [MESSAGE][INFO] - 0 hidden object(s)

2022-05-11 18:03:21 - [MESSAGE][PASSED] - Taking screenshot successfully
[[ATTACHMENT|keyes/keyes-current_viewport.png]]]]></system-out>
         <system-err><![CDATA[]]></system-err>
      </testcase>
      <testcase name="Test Cases/Petronas" time="13.248" classname="Test Cases/Petronas" status="PASSED">
         <system-out><![CDATA[2022-05-11 18:03:21 - [TEST_CASE][PASSED] - Test Cases/Petronas: Test Cases/Petronas

2022-05-11 18:03:22 - [TEST_STEP][PASSED] - openBrowser(""): Browser is opened with url: ''

2022-05-11 18:03:22 - [MESSAGE][WARNING] - A browser is already opened. Closing browser and opening a new one

2022-05-11 18:03:22 - [MESSAGE][INFO] - Starting 'Chrome' driver

2022-05-11 18:03:22 - [MESSAGE][INFO] - Action delay is set to 0 milliseconds

2022-05-11 18:03:24 - [MESSAGE][PASSED] - Browser is opened with url: ''

2022-05-11 18:03:24 - [TEST_STEP][PASSED] - navigateToUrl("https://www.petronas.com/"): Navigate to 'https://www.petronas.com/' successfully

2022-05-11 18:03:30 - [MESSAGE][PASSED] - Navigate to 'https://www.petronas.com/' successfully

2022-05-11 18:03:30 - [TEST_STEP][PASSED] - takeFullPageScreenshotAsCheckpoint("petronas_short"): Taking screenshot successfully

2022-05-11 18:03:33 - [MESSAGE][INFO] - 0 hidden object(s)

2022-05-11 18:03:34 - [MESSAGE][PASSED] - Taking screenshot successfully
[[ATTACHMENT|keyes/keyes-petronas_short.png]]]]></system-out>
         <system-err><![CDATA[]]></system-err>
      </testcase>
      <system-out><![CDATA[2022-05-11 18:02:52 - [TEST_SUITE][PASSED] - All: Test Cases/Petronas]]></system-out>
      <system-err><![CDATA[]]></system-err>
   </testsuite>
</testsuites>
